<?xml version="1.0" encoding="UTF-8"?>
<!-- Generated by org.testng.reporters.JUnitReportReporter -->
<testsuite hostname="DESKTOP-01H70DH" failures="0" tests="3" name="dataDrivenTesting.CreateMutipleProjectsWithDiffData" time="1.799" errors="0" timestamp="21 Apr 2022 07:49:05 GMT">
  <testcase classname="dataDrivenTesting.CreateMutipleProjectsWithDiffData" name="createMultipleProjects" time="1.656"/>
  <testcase classname="dataDrivenTesting.CreateMutipleProjectsWithDiffData" name="createMultipleProjects" time="0.075"/>
  <testcase classname="dataDrivenTesting.CreateMutipleProjectsWithDiffData" name="createMultipleProjects" time="0.068"/>
</testsuite> <!-- dataDrivenTesting.CreateMutipleProjectsWithDiffData -->
