<?xml version="1.0" encoding="UTF-8"?>
<!-- Generated by org.testng.reporters.JUnitReportReporter -->
<testsuite hostname="DESKTOP-01H70DH" failures="0" tests="1" name="differentWaysToPOST.CreateProjectUsingJSONFile" time="1.600" errors="0" timestamp="20 Apr 2022 11:26:09 GMT">
  <testcase classname="differentWaysToPOST.CreateProjectUsingJSONFile" name="createProjectUsingJSONFile" time="1.600"/>
</testsuite> <!-- differentWaysToPOST.CreateProjectUsingJSONFile -->
