<?xml version="1.0" encoding="UTF-8"?>
<!-- Generated by org.testng.reporters.JUnitReportReporter -->
<testsuite hostname="DESKTOP-01H70DH" failures="0" tests="1" name="CRUD_Operations_withoutBDD.getProjects" time="1.787" errors="0" timestamp="21 Apr 2022 06:05:18 GMT">
  <testcase classname="CRUD_Operations_withoutBDD.getProjects" name="getSingleProject" time="1.787"/>
</testsuite> <!-- CRUD_Operations_withoutBDD.getProjects -->
