<?xml version="1.0" encoding="UTF-8"?>
<!-- Generated by org.testng.reporters.JUnitReportReporter -->
<testsuite hostname="DESKTOP-01H70DH" failures="0" tests="1" name="responseValidation.ResponseTimeValidation" time="1.351" errors="0" timestamp="21 Apr 2022 07:15:37 GMT">
  <testcase classname="responseValidation.ResponseTimeValidation" name="responseTime" time="1.351"/>
</testsuite> <!-- responseValidation.ResponseTimeValidation -->
