<?xml version="1.0" encoding="UTF-8"?>
<!-- Generated by org.testng.reporters.JUnitReportReporter -->
<testsuite hostname="DESKTOP-01H70DH" failures="0" tests="1" name="Parameters.CreateProjectUsingFormParameter" time="1.587" errors="0" timestamp="21 Apr 2022 09:19:36 GMT">
  <testcase classname="Parameters.CreateProjectUsingFormParameter" name="createProject" time="1.587"/>
</testsuite> <!-- Parameters.CreateProjectUsingFormParameter -->
