<?xml version="1.0" encoding="UTF-8"?>
<!-- Generated by org.testng.reporters.JUnitReportReporter -->
<testsuite hostname="DESKTOP-01H70DH" failures="0" tests="1" name="authentications.BasicAuth" time="1.666" errors="0" timestamp="21 Apr 2022 12:39:04 GMT">
  <testcase classname="authentications.BasicAuth" name="digestive" time="1.666"/>
</testsuite> <!-- authentications.BasicAuth -->
