<?xml version="1.0" encoding="UTF-8"?>
<!-- Generated by org.testng.reporters.JUnitReportReporter -->
<testsuite hostname="DESKTOP-01H70DH" failures="0" tests="1" name="differentWaysToPOST.CreateProjectUsingJSONObject" time="1.738" errors="0" timestamp="20 Apr 2022 11:17:50 GMT">
  <testcase classname="differentWaysToPOST.CreateProjectUsingJSONObject" name="createProjectUsingJSONObject" time="1.738"/>
</testsuite> <!-- differentWaysToPOST.CreateProjectUsingJSONObject -->
