<?xml version="1.0" encoding="UTF-8"?>
<!-- Generated by org.testng.reporters.JUnitReportReporter -->
<testsuite hostname="DESKTOP-01H70DH" failures="0" tests="1" name="responseValidation.StaticResponseValidationPost" time="1.995" errors="0" timestamp="21 Apr 2022 08:08:04 GMT">
  <testcase classname="responseValidation.StaticResponseValidationPost" name="staticResponse" time="1.995"/>
</testsuite> <!-- responseValidation.StaticResponseValidationPost -->
