<?xml version="1.0" encoding="UTF-8"?>
<!-- Generated by org.testng.reporters.JUnitReportReporter -->
<testsuite hostname="DESKTOP-01H70DH" failures="0" tests="1" name="differentWaysToPOST.CreateProjectUsingPOJO" time="2.355" errors="0" timestamp="20 Apr 2022 11:14:01 GMT">
  <testcase classname="differentWaysToPOST.CreateProjectUsingPOJO" name="createProjectUsingPOJO" time="2.355"/>
</testsuite> <!-- differentWaysToPOST.CreateProjectUsingPOJO -->
