<?xml version="1.0" encoding="UTF-8"?>
<!-- Generated by org.testng.reporters.JUnitReportReporter -->
<testsuite hostname="DESKTOP-01H70DH" failures="0" tests="1" name="CRUD_Operation_WithBDD.singleProject" time="1.372" errors="0" timestamp="20 Apr 2022 09:53:10 GMT">
  <testcase classname="CRUD_Operation_WithBDD.singleProject" name="singleProject" time="1.372"/>
</testsuite> <!-- CRUD_Operation_WithBDD.singleProject -->
