<?xml version="1.0" encoding="UTF-8"?>
<!-- Generated by org.testng.reporters.JUnitReportReporter -->
<testsuite hostname="DESKTOP-01H70DH" failures="0" tests="1" name="CRUD_Operation_WithBDD.CreateProject" time="2.439" errors="0" timestamp="20 Apr 2022 09:20:06 GMT">
  <testcase classname="CRUD_Operation_WithBDD.CreateProject" name="createProject" time="2.439"/>
</testsuite> <!-- CRUD_Operation_WithBDD.CreateProject -->
