<?xml version="1.0" encoding="UTF-8"?>
<!-- Generated by org.testng.reporters.JUnitReportReporter -->
<testsuite hostname="DESKTOP-01H70DH" failures="0" tests="1" name="CRUD_Operations.UpdateProject" time="1.720" errors="0" timestamp="20 Apr 2022 07:25:30 GMT">
  <testcase classname="CRUD_Operations.UpdateProject" name="updateProject" time="1.720"/>
</testsuite> <!-- CRUD_Operations.UpdateProject -->
