<?xml version="1.0" encoding="UTF-8"?>
<!-- Generated by org.testng.reporters.JUnitReportReporter -->
<testsuite hostname="DESKTOP-01H70DH" failures="0" tests="1" name="responseValidation.StaticResponseValidation" time="2.952" errors="0" timestamp="21 Apr 2022 06:33:19 GMT">
  <testcase classname="responseValidation.StaticResponseValidation" name="staticResponse" time="2.952"/>
</testsuite> <!-- responseValidation.StaticResponseValidation -->
