<?xml version="1.0" encoding="UTF-8"?>
<!-- Generated by org.testng.reporters.JUnitReportReporter -->
<testsuite hostname="DESKTOP-01H70DH" failures="0" tests="1" name="CRUD_Operations.getProjects" time="1.455" errors="0" timestamp="20 Apr 2022 07:11:18 GMT">
  <testcase classname="CRUD_Operations.getProjects" name="getSingleProject" time="1.455"/>
</testsuite> <!-- CRUD_Operations.getProjects -->
