<?xml version="1.0" encoding="UTF-8"?>
<!-- Generated by org.testng.reporters.JUnitReportReporter -->
<testsuite hostname="DESKTOP-01H70DH" failures="0" tests="1" name="CRUD_Operations.SampleProjectTest" time="1.248" errors="0" timestamp="19 Apr 2022 11:51:37 GMT">
  <testcase classname="CRUD_Operations.SampleProjectTest" name="getAllProjectTest" time="1.248"/>
</testsuite> <!-- CRUD_Operations.SampleProjectTest -->
