<?xml version="1.0" encoding="UTF-8"?>
<!-- Generated by org.testng.reporters.JUnitReportReporter -->
<testsuite hostname="DESKTOP-01H70DH" failures="0" tests="1" name="authentications.Oauth2_0" time="4.113" errors="0" timestamp="21 Apr 2022 12:42:04 GMT">
  <testcase classname="authentications.Oauth2_0" name="oAuth2_0" time="4.113"/>
</testsuite> <!-- authentications.Oauth2_0 -->
