<?xml version="1.0" encoding="UTF-8"?>
<!-- Generated by org.testng.reporters.JUnitReportReporter -->
<testsuite hostname="DESKTOP-01H70DH" failures="0" tests="1" name="CRUD_Operations.DeleteProject" time="1.325" errors="0" timestamp="20 Apr 2022 07:16:07 GMT">
  <testcase classname="CRUD_Operations.DeleteProject" name="getSingleProject" time="1.325"/>
</testsuite> <!-- CRUD_Operations.DeleteProject -->
