<?xml version="1.0" encoding="UTF-8"?>
<!-- Generated by org.testng.reporters.JUnitReportReporter -->
<testsuite hostname="DESKTOP-01H70DH" failures="0" tests="1" name="differentWaysToPOST.CreateProjectUsingHashMap" time="1.780" errors="0" timestamp="20 Apr 2022 11:37:01 GMT">
  <testcase classname="differentWaysToPOST.CreateProjectUsingHashMap" name="createProjectUsingHashMap" time="1.780"/>
</testsuite> <!-- differentWaysToPOST.CreateProjectUsingHashMap -->
