<?xml version="1.0" encoding="UTF-8"?>
<!-- Generated by org.testng.reporters.JUnitReportReporter -->
<testsuite hostname="DESKTOP-01H70DH" failures="0" tests="1" name="CRUD_Operation_WithBDD.DeleteProject" time="1.688" errors="0" timestamp="20 Apr 2022 11:43:41 GMT">
  <testcase classname="CRUD_Operation_WithBDD.DeleteProject" name="deleteProject" time="1.688"/>
</testsuite> <!-- CRUD_Operation_WithBDD.DeleteProject -->
