<?xml version="1.0" encoding="UTF-8"?>
<!-- Generated by org.testng.reporters.JUnitReportReporter -->
<testsuite hostname="DESKTOP-01H70DH" failures="0" tests="1" name="authentications.BearerToken" time="4.148" errors="0" timestamp="21 Apr 2022 11:32:07 GMT">
  <testcase classname="authentications.BearerToken" name="bearerToken" time="4.148"/>
</testsuite> <!-- authentications.BearerToken -->
