<?xml version="1.0" encoding="UTF-8"?>
<!-- Generated by org.testng.reporters.JUnitReportReporter -->
<testsuite hostname="DESKTOP-01H70DH" failures="0" tests="1" name="requestChaining.CreateProjectAndGetProject" time="2.822" errors="0" timestamp="21 Apr 2022 10:20:52 GMT">
  <testcase classname="requestChaining.CreateProjectAndGetProject" name="requestChaining" time="2.822"/>
</testsuite> <!-- requestChaining.CreateProjectAndGetProject -->
