<?xml version="1.0" encoding="UTF-8"?>
<!-- Generated by org.testng.reporters.JUnitReportReporter -->
<testsuite hostname="DESKTOP-01H70DH" failures="0" tests="1" name="Parameters.Pathparameters" time="1.831" errors="0" timestamp="21 Apr 2022 09:11:14 GMT">
  <testcase classname="Parameters.Pathparameters" name="getSingleProject" time="1.831"/>
</testsuite> <!-- Parameters.Pathparameters -->
