<?xml version="1.0" encoding="UTF-8"?>
<!-- Generated by org.testng.reporters.JUnitReportReporter -->
<testsuite hostname="DESKTOP-01H70DH" failures="0" tests="1" name="Parameters.QueryParameter" time="2.898" errors="0" timestamp="21 Apr 2022 09:33:35 GMT">
  <testcase classname="Parameters.QueryParameter" name="queryParameter" time="2.898"/>
</testsuite> <!-- Parameters.QueryParameter -->
