<?xml version="1.0" encoding="UTF-8"?>
<!-- Generated by org.testng.reporters.JUnitReportReporter -->
<testsuite hostname="DESKTOP-01H70DH" failures="0" tests="1" name="requestChaining.CreateProjectAndDeleteProject" time="3.043" errors="0" timestamp="21 Apr 2022 10:29:19 GMT">
  <testcase classname="requestChaining.CreateProjectAndDeleteProject" name="requestChaining" time="3.043"/>
</testsuite> <!-- requestChaining.CreateProjectAndDeleteProject -->
