<?xml version="1.0" encoding="UTF-8"?>
<!-- Generated by org.testng.reporters.JUnitReportReporter -->
<testsuite hostname="DESKTOP-01H70DH" failures="0" tests="1" name="responseValidation.DynamicResponseValidation" time="1.888" errors="0" timestamp="21 Apr 2022 06:22:03 GMT">
  <testcase classname="responseValidation.DynamicResponseValidation" name="dynamicResponse" time="1.888"/>
</testsuite> <!-- responseValidation.DynamicResponseValidation -->
