<?xml version="1.0" encoding="UTF-8"?>
<!-- Generated by org.testng.reporters.JUnitReportReporter -->
<testsuite hostname="DESKTOP-01H70DH" failures="0" tests="1" name="CRUD_Operations.CreateProjectTest" time="2.336" errors="0" timestamp="20 Apr 2022 06:54:27 GMT">
  <testcase classname="CRUD_Operations.CreateProjectTest" name="createProjectTest" time="2.336"/>
</testsuite> <!-- CRUD_Operations.CreateProjectTest -->
