<?xml version="1.0" encoding="UTF-8"?>
<!-- Generated by org.testng.reporters.JUnitReportReporter -->
<testsuite hostname="DESKTOP-01H70DH" failures="0" tests="1" name="CRUD_Operations.getSingleProject" time="1.428" errors="0" timestamp="20 Apr 2022 07:09:55 GMT">
  <testcase classname="CRUD_Operations.getSingleProject" name="getSingleProject" time="1.428"/>
</testsuite> <!-- CRUD_Operations.getSingleProject -->
