<?xml version="1.0" encoding="UTF-8"?>
<!-- Generated by org.testng.reporters.JUnitReportReporter -->
<testsuite hostname="DESKTOP-01H70DH" failures="0" tests="1" name="CRUD_Operation_WithBDD.getAllProjects" time="2.072" errors="0" timestamp="21 Apr 2022 06:28:37 GMT">
  <testcase classname="CRUD_Operation_WithBDD.getAllProjects" name="getAllProject" time="2.072"/>
</testsuite> <!-- CRUD_Operation_WithBDD.getAllProjects -->
